Analysis & Synthesis report for Switch_incremented_Counter
Mon Oct 27 11:44:59 2025
Quartus Prime Version 20.1.1 Build 720 11/11/2020 Patches 1.02i SJ Standard Edition


---------------------
; Table of Contents ;
---------------------
  1. Legal Notice
  2. Analysis & Synthesis Summary
  3. Analysis & Synthesis Settings
  4. Parallel Compilation
  5. Analysis & Synthesis Source Files Read
  6. Analysis & Synthesis Resource Usage Summary
  7. Analysis & Synthesis Resource Utilization by Entity
  8. State Machine - |DE1_SOC_golden_top|ThreeDigitTallyCounter:u1|state
  9. Registers Removed During Synthesis
 10. Removed Registers Triggering Further Register Optimizations
 11. General Register Statistics
 12. Inverted Register Statistics
 13. Multiplexer Restructuring Statistics (Restructuring Performed)
 14. Port Connectivity Checks: "ThreeDigitTallyCounter:u1|doubleDabble:threeDigit"
 15. Port Connectivity Checks: "ThreeDigitTallyCounter:u1"
 16. Post-Synthesis Netlist Statistics for Top Partition
 17. Elapsed Time Per Partition
 18. Analysis & Synthesis Messages



----------------
; Legal Notice ;
----------------
Copyright (C) 2020  Intel Corporation. All rights reserved.
Your use of Intel Corporation's design tools, logic functions 
and other software and tools, and any partner logic 
functions, and any output files from any of the foregoing 
(including device programming or simulation files), and any 
associated documentation or information are expressly subject 
to the terms and conditions of the Intel Program License 
Subscription Agreement, the Intel Quartus Prime License Agreement,
the Intel FPGA IP License Agreement, or other applicable license
agreement, including, without limitation, that your use is for
the sole purpose of programming logic devices manufactured by
Intel and sold by Intel or its authorized distributors.  Please
refer to the applicable agreement for further details, at
https://fpgasoftware.intel.com/eula.



+-------------------------------------------------------------------------------------------------+
; Analysis & Synthesis Summary                                                                    ;
+---------------------------------+---------------------------------------------------------------+
; Analysis & Synthesis Status     ; Successful - Mon Oct 27 11:44:59 2025                         ;
; Quartus Prime Version           ; 20.1.1 Build 720 11/11/2020 Patches 1.02i SJ Standard Edition ;
; Revision Name                   ; Switch_incremented_Counter                                    ;
; Top-level Entity Name           ; DE1_SOC_golden_top                                            ;
; Family                          ; Cyclone V                                                     ;
; Logic utilization (in ALMs)     ; N/A                                                           ;
; Total registers                 ; 93                                                            ;
; Total pins                      ; 241                                                           ;
; Total virtual pins              ; 0                                                             ;
; Total block memory bits         ; 0                                                             ;
; Total DSP Blocks                ; 0                                                             ;
; Total HSSI RX PCSs              ; 0                                                             ;
; Total HSSI PMA RX Deserializers ; 0                                                             ;
; Total HSSI TX PCSs              ; 0                                                             ;
; Total HSSI PMA TX Serializers   ; 0                                                             ;
; Total PLLs                      ; 0                                                             ;
; Total DLLs                      ; 0                                                             ;
+---------------------------------+---------------------------------------------------------------+


+-----------------------------------------------------------------------------------------------------------------------------------+
; Analysis & Synthesis Settings                                                                                                     ;
+---------------------------------------------------------------------------------+--------------------+----------------------------+
; Option                                                                          ; Setting            ; Default Value              ;
+---------------------------------------------------------------------------------+--------------------+----------------------------+
; Device                                                                          ; 5CSEMA5F31C6       ;                            ;
; Top-level entity name                                                           ; DE1_SOC_golden_top ; Switch_incremented_Counter ;
; Family name                                                                     ; Cyclone V          ; Cyclone V                  ;
; Use smart compilation                                                           ; Off                ; Off                        ;
; Enable parallel Assembler and Timing Analyzer during compilation                ; On                 ; On                         ;
; Enable compact report table                                                     ; Off                ; Off                        ;
; Restructure Multiplexers                                                        ; Auto               ; Auto                       ;
; MLAB Add Timing Constraints For Mixed-Port Feed-Through Mode Setting Don't Care ; Off                ; Off                        ;
; Create Debugging Nodes for IP Cores                                             ; Off                ; Off                        ;
; Preserve fewer node names                                                       ; On                 ; On                         ;
; Intel FPGA IP Evaluation Mode                                                   ; Enable             ; Enable                     ;
; Verilog Version                                                                 ; Verilog_2001       ; Verilog_2001               ;
; VHDL Version                                                                    ; VHDL_1993          ; VHDL_1993                  ;
; State Machine Processing                                                        ; Auto               ; Auto                       ;
; Safe State Machine                                                              ; Off                ; Off                        ;
; Extract Verilog State Machines                                                  ; On                 ; On                         ;
; Extract VHDL State Machines                                                     ; On                 ; On                         ;
; Ignore Verilog initial constructs                                               ; Off                ; Off                        ;
; Iteration limit for constant Verilog loops                                      ; 5000               ; 5000                       ;
; Iteration limit for non-constant Verilog loops                                  ; 250                ; 250                        ;
; Add Pass-Through Logic to Inferred RAMs                                         ; On                 ; On                         ;
; Infer RAMs from Raw Logic                                                       ; On                 ; On                         ;
; Parallel Synthesis                                                              ; On                 ; On                         ;
; DSP Block Balancing                                                             ; Auto               ; Auto                       ;
; NOT Gate Push-Back                                                              ; On                 ; On                         ;
; Power-Up Don't Care                                                             ; On                 ; On                         ;
; Remove Redundant Logic Cells                                                    ; Off                ; Off                        ;
; Remove Duplicate Registers                                                      ; On                 ; On                         ;
; Ignore CARRY Buffers                                                            ; Off                ; Off                        ;
; Ignore CASCADE Buffers                                                          ; Off                ; Off                        ;
; Ignore GLOBAL Buffers                                                           ; Off                ; Off                        ;
; Ignore ROW GLOBAL Buffers                                                       ; Off                ; Off                        ;
; Ignore LCELL Buffers                                                            ; Off                ; Off                        ;
; Ignore SOFT Buffers                                                             ; On                 ; On                         ;
; Limit AHDL Integers to 32 Bits                                                  ; Off                ; Off                        ;
; Optimization Technique                                                          ; Balanced           ; Balanced                   ;
; Carry Chain Length                                                              ; 70                 ; 70                         ;
; Auto Carry Chains                                                               ; On                 ; On                         ;
; Auto Open-Drain Pins                                                            ; On                 ; On                         ;
; Perform WYSIWYG Primitive Resynthesis                                           ; Off                ; Off                        ;
; Auto ROM Replacement                                                            ; On                 ; On                         ;
; Auto RAM Replacement                                                            ; On                 ; On                         ;
; Auto DSP Block Replacement                                                      ; On                 ; On                         ;
; Auto Shift Register Replacement                                                 ; Auto               ; Auto                       ;
; Allow Shift Register Merging across Hierarchies                                 ; Auto               ; Auto                       ;
; Auto Clock Enable Replacement                                                   ; On                 ; On                         ;
; Strict RAM Replacement                                                          ; Off                ; Off                        ;
; Allow Synchronous Control Signals                                               ; On                 ; On                         ;
; Force Use of Synchronous Clear Signals                                          ; Off                ; Off                        ;
; Auto Resource Sharing                                                           ; Off                ; Off                        ;
; Allow Any RAM Size For Recognition                                              ; Off                ; Off                        ;
; Allow Any ROM Size For Recognition                                              ; Off                ; Off                        ;
; Allow Any Shift Register Size For Recognition                                   ; Off                ; Off                        ;
; Use LogicLock Constraints during Resource Balancing                             ; On                 ; On                         ;
; Ignore translate_off and synthesis_off directives                               ; Off                ; Off                        ;
; Timing-Driven Synthesis                                                         ; On                 ; On                         ;
; Report Parameter Settings                                                       ; On                 ; On                         ;
; Report Source Assignments                                                       ; On                 ; On                         ;
; Report Connectivity Checks                                                      ; On                 ; On                         ;
; Ignore Maximum Fan-Out Assignments                                              ; Off                ; Off                        ;
; Synchronization Register Chain Length                                           ; 3                  ; 3                          ;
; Power Optimization During Synthesis                                             ; Normal compilation ; Normal compilation         ;
; HDL message level                                                               ; Level2             ; Level2                     ;
; Suppress Register Optimization Related Messages                                 ; Off                ; Off                        ;
; Number of Removed Registers Reported in Synthesis Report                        ; 5000               ; 5000                       ;
; Number of Swept Nodes Reported in Synthesis Report                              ; 5000               ; 5000                       ;
; Number of Inverted Registers Reported in Synthesis Report                       ; 100                ; 100                        ;
; Clock MUX Protection                                                            ; On                 ; On                         ;
; Auto Gated Clock Conversion                                                     ; Off                ; Off                        ;
; Block Design Naming                                                             ; Auto               ; Auto                       ;
; SDC constraint protection                                                       ; Off                ; Off                        ;
; Synthesis Effort                                                                ; Auto               ; Auto                       ;
; Shift Register Replacement - Allow Asynchronous Clear Signal                    ; On                 ; On                         ;
; Pre-Mapping Resynthesis Optimization                                            ; Off                ; Off                        ;
; Analysis & Synthesis Message Level                                              ; Medium             ; Medium                     ;
; Disable Register Merging Across Hierarchies                                     ; Auto               ; Auto                       ;
; Resource Aware Inference For Block RAM                                          ; On                 ; On                         ;
; Automatic Parallel Synthesis                                                    ; On                 ; On                         ;
; Partial Reconfiguration Bitstream ID                                            ; Off                ; Off                        ;
+---------------------------------------------------------------------------------+--------------------+----------------------------+


+------------------------------------------+
; Parallel Compilation                     ;
+----------------------------+-------------+
; Processors                 ; Number      ;
+----------------------------+-------------+
; Number detected on machine ; 6           ;
; Maximum allowed            ; 6           ;
;                            ;             ;
; Average used               ; 1.00        ;
; Maximum used               ; 6           ;
;                            ;             ;
; Usage by Processor         ; % Time Used ;
;     Processor 1            ; 100.0%      ;
;     Processor 2            ;   0.0%      ;
;     Processors 3-6         ;   0.0%      ;
+----------------------------+-------------+


+--------------------------------------------------------------------------------------------------------------------------------------------------------------------------------------------+
; Analysis & Synthesis Source Files Read                                                                                                                                                     ;
+----------------------------------+-----------------+------------------------+----------------------------------------------------------------------------------------------------+---------+
; File Name with User-Entered Path ; Used in Netlist ; File Type              ; File Name with Absolute Path                                                                       ; Library ;
+----------------------------------+-----------------+------------------------+----------------------------------------------------------------------------------------------------+---------+
; DE1_SOC_golden_top.v             ; yes             ; User Verilog HDL File  ; G:/Documents/3rd year/hardware/vhdl_projects/Switch_Incremented_Counter/DE1_SOC_golden_top.v       ;         ;
; ThreeDigitTallyCounter.vhd       ; yes             ; User VHDL File         ; G:/Documents/3rd year/hardware/vhdl_projects/Switch_Incremented_Counter/ThreeDigitTallyCounter.vhd ;         ;
; ssegPackage.vhd                  ; yes             ; User VHDL File         ; G:/Documents/3rd year/hardware/vhdl_projects/Switch_Incremented_Counter/ssegPackage.vhd            ;         ;
; ssegDecoder.vhd                  ; yes             ; User VHDL File         ; G:/Documents/3rd year/hardware/vhdl_projects/Switch_Incremented_Counter/ssegDecoder.vhd            ;         ;
; DoubleDabble.vhd                 ; yes             ; User VHDL File         ; G:/Documents/3rd year/hardware/vhdl_projects/Switch_Incremented_Counter/DoubleDabble.vhd           ;         ;
+----------------------------------+-----------------+------------------------+----------------------------------------------------------------------------------------------------+---------+


+--------------------------------------------------------------+
; Analysis & Synthesis Resource Usage Summary                  ;
+---------------------------------------------+----------------+
; Resource                                    ; Usage          ;
+---------------------------------------------+----------------+
; Estimate of Logic utilization (ALMs needed) ; 74             ;
;                                             ;                ;
; Combinational ALUT usage for logic          ; 121            ;
;     -- 7 input functions                    ; 0              ;
;     -- 6 input functions                    ; 13             ;
;     -- 5 input functions                    ; 19             ;
;     -- 4 input functions                    ; 22             ;
;     -- <=3 input functions                  ; 67             ;
;                                             ;                ;
; Dedicated logic registers                   ; 93             ;
;                                             ;                ;
; I/O pins                                    ; 241            ;
;                                             ;                ;
; Total DSP Blocks                            ; 0              ;
;                                             ;                ;
; Maximum fan-out node                        ; CLOCK_50~input ;
; Maximum fan-out                             ; 93             ;
; Total fan-out                               ; 1048           ;
; Average fan-out                             ; 1.32           ;
+---------------------------------------------+----------------+


+----------------------------------------------------------------------------------------------------------------------------------------------------------------------------------------------------------------------------------------------------------+
; Analysis & Synthesis Resource Utilization by Entity                                                                                                                                                                                                      ;
+---------------------------------+---------------------+---------------------------+-------------------+------------+------+--------------+-----------------------------------------------------------------------+------------------------+--------------+
; Compilation Hierarchy Node      ; Combinational ALUTs ; Dedicated Logic Registers ; Block Memory Bits ; DSP Blocks ; Pins ; Virtual Pins ; Full Hierarchy Name                                                   ; Entity Name            ; Library Name ;
+---------------------------------+---------------------+---------------------------+-------------------+------------+------+--------------+-----------------------------------------------------------------------+------------------------+--------------+
; |DE1_SOC_golden_top             ; 121 (0)             ; 93 (0)                    ; 0                 ; 0          ; 241  ; 0            ; |DE1_SOC_golden_top                                                   ; DE1_SOC_golden_top     ; work         ;
;    |ThreeDigitTallyCounter:u1|  ; 121 (47)            ; 93 (25)                   ; 0                 ; 0          ; 0    ; 0            ; |DE1_SOC_golden_top|ThreeDigitTallyCounter:u1                         ; ThreeDigitTallyCounter ; work         ;
;       |doubleDabble:threeDigit| ; 53 (53)             ; 68 (68)                   ; 0                 ; 0          ; 0    ; 0            ; |DE1_SOC_golden_top|ThreeDigitTallyCounter:u1|doubleDabble:threeDigit ; doubleDabble           ; work         ;
;       |ssegDecoder:ssegHunds|   ; 7 (7)               ; 0 (0)                     ; 0                 ; 0          ; 0    ; 0            ; |DE1_SOC_golden_top|ThreeDigitTallyCounter:u1|ssegDecoder:ssegHunds   ; ssegDecoder            ; work         ;
;       |ssegDecoder:ssegOnes|    ; 7 (7)               ; 0 (0)                     ; 0                 ; 0          ; 0    ; 0            ; |DE1_SOC_golden_top|ThreeDigitTallyCounter:u1|ssegDecoder:ssegOnes    ; ssegDecoder            ; work         ;
;       |ssegDecoder:ssegTens|    ; 7 (7)               ; 0 (0)                     ; 0                 ; 0          ; 0    ; 0            ; |DE1_SOC_golden_top|ThreeDigitTallyCounter:u1|ssegDecoder:ssegTens    ; ssegDecoder            ; work         ;
+---------------------------------+---------------------+---------------------------+-------------------+------------+------+--------------+-----------------------------------------------------------------------+------------------------+--------------+
Note: For table entries with two numbers listed, the numbers in parentheses indicate the number of resources of the given type used by the specific entity alone. The numbers listed outside of parentheses indicate the total resources of the given type used by the specific entity and all of its sub-entities in the hierarchy.


Encoding Type:  One-Hot
+---------------------------------------------------------------------+
; State Machine - |DE1_SOC_golden_top|ThreeDigitTallyCounter:u1|state ;
+----------+----------+----------+------------------------------------+
; Name     ; state.s0 ; state.s1 ; state.s2                           ;
+----------+----------+----------+------------------------------------+
; state.s2 ; 0        ; 0        ; 0                                  ;
; state.s1 ; 0        ; 1        ; 1                                  ;
; state.s0 ; 1        ; 0        ; 1                                  ;
+----------+----------+----------+------------------------------------+


+-------------------------------------------------------------+
; Registers Removed During Synthesis                          ;
+----------------------------------------+--------------------+
; Register name                          ; Reason for Removal ;
+----------------------------------------+--------------------+
; ThreeDigitTallyCounter:u1|timer[0..27] ; Lost fanout        ;
; Total Number of Removed Registers = 28 ;                    ;
+----------------------------------------+--------------------+


+--------------------------------------------------------------------------------------------------------------------------------------+
; Removed Registers Triggering Further Register Optimizations                                                                          ;
+-------------------------------------+--------------------+---------------------------------------------------------------------------+
; Register name                       ; Reason for Removal ; Registers Removed due to This Register                                    ;
+-------------------------------------+--------------------+---------------------------------------------------------------------------+
; ThreeDigitTallyCounter:u1|timer[8]  ; Lost Fanouts       ; ThreeDigitTallyCounter:u1|timer[7], ThreeDigitTallyCounter:u1|timer[6],   ;
;                                     ;                    ; ThreeDigitTallyCounter:u1|timer[15], ThreeDigitTallyCounter:u1|timer[14], ;
;                                     ;                    ; ThreeDigitTallyCounter:u1|timer[13], ThreeDigitTallyCounter:u1|timer[16], ;
;                                     ;                    ; ThreeDigitTallyCounter:u1|timer[17], ThreeDigitTallyCounter:u1|timer[18], ;
;                                     ;                    ; ThreeDigitTallyCounter:u1|timer[20], ThreeDigitTallyCounter:u1|timer[19], ;
;                                     ;                    ; ThreeDigitTallyCounter:u1|timer[23], ThreeDigitTallyCounter:u1|timer[22], ;
;                                     ;                    ; ThreeDigitTallyCounter:u1|timer[21], ThreeDigitTallyCounter:u1|timer[27], ;
;                                     ;                    ; ThreeDigitTallyCounter:u1|timer[26], ThreeDigitTallyCounter:u1|timer[25], ;
;                                     ;                    ; ThreeDigitTallyCounter:u1|timer[24], ThreeDigitTallyCounter:u1|timer[5],  ;
;                                     ;                    ; ThreeDigitTallyCounter:u1|timer[4], ThreeDigitTallyCounter:u1|timer[3],   ;
;                                     ;                    ; ThreeDigitTallyCounter:u1|timer[2]                                        ;
; ThreeDigitTallyCounter:u1|timer[12] ; Lost Fanouts       ; ThreeDigitTallyCounter:u1|timer[11], ThreeDigitTallyCounter:u1|timer[10], ;
;                                     ;                    ; ThreeDigitTallyCounter:u1|timer[9]                                        ;
+-------------------------------------+--------------------+---------------------------------------------------------------------------+


+------------------------------------------------------+
; General Register Statistics                          ;
+----------------------------------------------+-------+
; Statistic                                    ; Value ;
+----------------------------------------------+-------+
; Total registers                              ; 93    ;
; Number of registers using Synchronous Clear  ; 43    ;
; Number of registers using Synchronous Load   ; 11    ;
; Number of registers using Asynchronous Clear ; 3     ;
; Number of registers using Asynchronous Load  ; 0     ;
; Number of registers using Clock Enable       ; 29    ;
; Number of registers using Preset             ; 0     ;
+----------------------------------------------+-------+


+------------------------------------------------------------------+
; Inverted Register Statistics                                     ;
+--------------------------------------------------------+---------+
; Inverted Register                                      ; Fan out ;
+--------------------------------------------------------+---------+
; ThreeDigitTallyCounter:u1|doubleDabble:threeDigit|i[2] ; 2       ;
; ThreeDigitTallyCounter:u1|doubleDabble:threeDigit|i[3] ; 2       ;
; Total number of inverted registers = 2                 ;         ;
+--------------------------------------------------------+---------+


+-------------------------------------------------------------------------------------------------------------------------------------------------------------------------------------------------+
; Multiplexer Restructuring Statistics (Restructuring Performed)                                                                                                                                  ;
+--------------------+-----------+---------------+----------------------+------------------------+------------+-----------------------------------------------------------------------------------+
; Multiplexer Inputs ; Bus Width ; Baseline Area ; Area if Restructured ; Saving if Restructured ; Registered ; Example Multiplexer Output                                                        ;
+--------------------+-----------+---------------+----------------------+------------------------+------------+-----------------------------------------------------------------------------------+
; 3:1                ; 28 bits   ; 56 LEs        ; 0 LEs                ; 56 LEs                 ; Yes        ; |DE1_SOC_golden_top|ThreeDigitTallyCounter:u1|timer[16]                           ;
; 3:1                ; 4 bits    ; 8 LEs         ; 8 LEs                ; 0 LEs                  ; Yes        ; |DE1_SOC_golden_top|ThreeDigitTallyCounter:u1|doubleDabble:threeDigit|scratch[14] ;
; 3:1                ; 4 bits    ; 8 LEs         ; 8 LEs                ; 0 LEs                  ; Yes        ; |DE1_SOC_golden_top|ThreeDigitTallyCounter:u1|doubleDabble:threeDigit|scratch[18] ;
; 3:1                ; 3 bits    ; 6 LEs         ; 6 LEs                ; 0 LEs                  ; Yes        ; |DE1_SOC_golden_top|ThreeDigitTallyCounter:u1|doubleDabble:threeDigit|scratch[23] ;
; 5:1                ; 5 bits    ; 15 LEs        ; 10 LEs               ; 5 LEs                  ; Yes        ; |DE1_SOC_golden_top|ThreeDigitTallyCounter:u1|counter_multiplier[6]               ;
; 7:1                ; 12 bits   ; 48 LEs        ; 0 LEs                ; 48 LEs                 ; Yes        ; |DE1_SOC_golden_top|ThreeDigitTallyCounter:u1|counter[10]                         ;
+--------------------+-----------+---------------+----------------------+------------------------+------------+-----------------------------------------------------------------------------------+


+-----------------------------------------------------------------------------------------------------------------------+
; Port Connectivity Checks: "ThreeDigitTallyCounter:u1|doubleDabble:threeDigit"                                         ;
+-------------+--------+----------+-------------------------------------------------------------------------------------+
; Port        ; Type   ; Severity ; Details                                                                             ;
+-------------+--------+----------+-------------------------------------------------------------------------------------+
; bcd[15..12] ; Output ; Info     ; Connected to dangling logic. Logic that only feeds a dangling port will be removed. ;
+-------------+--------+----------+-------------------------------------------------------------------------------------+


+--------------------------------------------------------------------------------------------------------------------------------------------+
; Port Connectivity Checks: "ThreeDigitTallyCounter:u1"                                                                                      ;
+-------+--------+------------------+--------------------------------------------------------------------------------------------------------+
; Port  ; Type   ; Severity         ; Details                                                                                                ;
+-------+--------+------------------+--------------------------------------------------------------------------------------------------------+
; sseg0 ; Output ; Critical Warning ; Can't connect array with 7 elements in array dimension 1 to port with 8 elements in the same dimension ;
; sseg1 ; Output ; Critical Warning ; Can't connect array with 7 elements in array dimension 1 to port with 8 elements in the same dimension ;
; sseg2 ; Output ; Critical Warning ; Can't connect array with 7 elements in array dimension 1 to port with 8 elements in the same dimension ;
+-------+--------+------------------+--------------------------------------------------------------------------------------------------------+


+-----------------------------------------------------+
; Post-Synthesis Netlist Statistics for Top Partition ;
+-----------------------+-----------------------------+
; Type                  ; Count                       ;
+-----------------------+-----------------------------+
; arriav_ff             ; 93                          ;
;     CLR               ; 3                           ;
;     ENA               ; 17                          ;
;     ENA SCLR          ; 12                          ;
;     SCLR              ; 31                          ;
;     SLD               ; 11                          ;
;     plain             ; 19                          ;
; arriav_io_obuf        ; 96                          ;
; arriav_lcell_comb     ; 126                         ;
;     arith             ; 51                          ;
;         1 data inputs ; 44                          ;
;         2 data inputs ; 7                           ;
;     normal            ; 75                          ;
;         0 data inputs ; 1                           ;
;         1 data inputs ; 5                           ;
;         2 data inputs ; 8                           ;
;         3 data inputs ; 7                           ;
;         4 data inputs ; 22                          ;
;         5 data inputs ; 19                          ;
;         6 data inputs ; 13                          ;
; boundary_port         ; 241                         ;
;                       ;                             ;
; Max LUT depth         ; 4.10                        ;
; Average LUT depth     ; 1.84                        ;
+-----------------------+-----------------------------+


+-------------------------------+
; Elapsed Time Per Partition    ;
+----------------+--------------+
; Partition Name ; Elapsed Time ;
+----------------+--------------+
; Top            ; 00:00:00     ;
+----------------+--------------+


+-------------------------------+
; Analysis & Synthesis Messages ;
+-------------------------------+
Info: *******************************************************************
Info: Running Quartus Prime Analysis & Synthesis
    Info: Version 20.1.1 Build 720 11/11/2020 Patches 1.02i SJ Standard Edition
    Info: Processing started: Mon Oct 27 11:44:47 2025
Info: Command: quartus_map --read_settings_files=on --write_settings_files=off Switch_incremented_Counter -c Switch_incremented_Counter
Warning (18236): Number of processors has not been specified which may cause overloading on shared machines.  Set the global assignment NUM_PARALLEL_PROCESSORS in your QSF to an appropriate value for best performance.
Info (20030): Parallel compilation is enabled and will use 6 of the 6 processors detected
Warning (10275): Verilog HDL Module Instantiation warning at DE1_SOC_golden_top.v(277): ignored dangling comma in List of Port Connections File: G:/Documents/3rd year/hardware/vhdl_projects/Switch_Incremented_Counter/DE1_SOC_golden_top.v Line: 277
Info (12021): Found 1 design units, including 1 entities, in source file de1_soc_golden_top.v
    Info (12023): Found entity 1: DE1_SOC_golden_top File: G:/Documents/3rd year/hardware/vhdl_projects/Switch_Incremented_Counter/DE1_SOC_golden_top.v Line: 54
Info (12021): Found 2 design units, including 1 entities, in source file threedigittallycounter.vhd
    Info (12022): Found design unit 1: ThreeDigitTallyCounter-behavior File: G:/Documents/3rd year/hardware/vhdl_projects/Switch_Incremented_Counter/ThreeDigitTallyCounter.vhd Line: 17
    Info (12023): Found entity 1: ThreeDigitTallyCounter File: G:/Documents/3rd year/hardware/vhdl_projects/Switch_Incremented_Counter/ThreeDigitTallyCounter.vhd Line: 8
Info (12021): Found 1 design units, including 0 entities, in source file ssegpackage.vhd
    Info (12022): Found design unit 1: ssegPackage File: G:/Documents/3rd year/hardware/vhdl_projects/Switch_Incremented_Counter/ssegPackage.vhd Line: 5
Info (12021): Found 2 design units, including 1 entities, in source file ssegdecoder.vhd
    Info (12022): Found design unit 1: ssegDecoder-rtl File: G:/Documents/3rd year/hardware/vhdl_projects/Switch_Incremented_Counter/ssegDecoder.vhd Line: 14
    Info (12023): Found entity 1: ssegDecoder File: G:/Documents/3rd year/hardware/vhdl_projects/Switch_Incremented_Counter/ssegDecoder.vhd Line: 7
Info (12021): Found 2 design units, including 1 entities, in source file doubledabble.vhd
    Info (12022): Found design unit 1: doubleDabble-rtl File: G:/Documents/3rd year/hardware/vhdl_projects/Switch_Incremented_Counter/DoubleDabble.vhd Line: 17
    Info (12023): Found entity 1: doubleDabble File: G:/Documents/3rd year/hardware/vhdl_projects/Switch_Incremented_Counter/DoubleDabble.vhd Line: 9
Info (12127): Elaborating entity "DE1_SOC_golden_top" for the top level hierarchy
Warning (10034): Output port "DRAM_ADDR" at DE1_SOC_golden_top.v(100) has no driver File: G:/Documents/3rd year/hardware/vhdl_projects/Switch_Incremented_Counter/DE1_SOC_golden_top.v Line: 100
Warning (10034): Output port "DRAM_BA" at DE1_SOC_golden_top.v(101) has no driver File: G:/Documents/3rd year/hardware/vhdl_projects/Switch_Incremented_Counter/DE1_SOC_golden_top.v Line: 101
Warning (10034): Output port "HEX3" at DE1_SOC_golden_top.v(136) has no driver File: G:/Documents/3rd year/hardware/vhdl_projects/Switch_Incremented_Counter/DE1_SOC_golden_top.v Line: 136
Warning (10034): Output port "HEX4" at DE1_SOC_golden_top.v(137) has no driver File: G:/Documents/3rd year/hardware/vhdl_projects/Switch_Incremented_Counter/DE1_SOC_golden_top.v Line: 137
Warning (10034): Output port "HEX5" at DE1_SOC_golden_top.v(138) has no driver File: G:/Documents/3rd year/hardware/vhdl_projects/Switch_Incremented_Counter/DE1_SOC_golden_top.v Line: 138
Warning (10034): Output port "LEDR[9..3]" at DE1_SOC_golden_top.v(210) has no driver File: G:/Documents/3rd year/hardware/vhdl_projects/Switch_Incremented_Counter/DE1_SOC_golden_top.v Line: 210
Warning (10034): Output port "VGA_B" at DE1_SOC_golden_top.v(237) has no driver File: G:/Documents/3rd year/hardware/vhdl_projects/Switch_Incremented_Counter/DE1_SOC_golden_top.v Line: 237
Warning (10034): Output port "VGA_G" at DE1_SOC_golden_top.v(240) has no driver File: G:/Documents/3rd year/hardware/vhdl_projects/Switch_Incremented_Counter/DE1_SOC_golden_top.v Line: 240
Warning (10034): Output port "VGA_R" at DE1_SOC_golden_top.v(242) has no driver File: G:/Documents/3rd year/hardware/vhdl_projects/Switch_Incremented_Counter/DE1_SOC_golden_top.v Line: 242
Warning (10034): Output port "ADC_CONVST" at DE1_SOC_golden_top.v(59) has no driver File: G:/Documents/3rd year/hardware/vhdl_projects/Switch_Incremented_Counter/DE1_SOC_golden_top.v Line: 59
Warning (10034): Output port "ADC_DIN" at DE1_SOC_golden_top.v(60) has no driver File: G:/Documents/3rd year/hardware/vhdl_projects/Switch_Incremented_Counter/DE1_SOC_golden_top.v Line: 60
Warning (10034): Output port "ADC_SCLK" at DE1_SOC_golden_top.v(62) has no driver File: G:/Documents/3rd year/hardware/vhdl_projects/Switch_Incremented_Counter/DE1_SOC_golden_top.v Line: 62
Warning (10034): Output port "AUD_DACDAT" at DE1_SOC_golden_top.v(72) has no driver File: G:/Documents/3rd year/hardware/vhdl_projects/Switch_Incremented_Counter/DE1_SOC_golden_top.v Line: 72
Warning (10034): Output port "AUD_XCK" at DE1_SOC_golden_top.v(74) has no driver File: G:/Documents/3rd year/hardware/vhdl_projects/Switch_Incremented_Counter/DE1_SOC_golden_top.v Line: 74
Warning (10034): Output port "DRAM_CAS_N" at DE1_SOC_golden_top.v(102) has no driver File: G:/Documents/3rd year/hardware/vhdl_projects/Switch_Incremented_Counter/DE1_SOC_golden_top.v Line: 102
Warning (10034): Output port "DRAM_CKE" at DE1_SOC_golden_top.v(103) has no driver File: G:/Documents/3rd year/hardware/vhdl_projects/Switch_Incremented_Counter/DE1_SOC_golden_top.v Line: 103
Warning (10034): Output port "DRAM_CLK" at DE1_SOC_golden_top.v(104) has no driver File: G:/Documents/3rd year/hardware/vhdl_projects/Switch_Incremented_Counter/DE1_SOC_golden_top.v Line: 104
Warning (10034): Output port "DRAM_CS_N" at DE1_SOC_golden_top.v(105) has no driver File: G:/Documents/3rd year/hardware/vhdl_projects/Switch_Incremented_Counter/DE1_SOC_golden_top.v Line: 105
Warning (10034): Output port "DRAM_LDQM" at DE1_SOC_golden_top.v(107) has no driver File: G:/Documents/3rd year/hardware/vhdl_projects/Switch_Incremented_Counter/DE1_SOC_golden_top.v Line: 107
Warning (10034): Output port "DRAM_RAS_N" at DE1_SOC_golden_top.v(108) has no driver File: G:/Documents/3rd year/hardware/vhdl_projects/Switch_Incremented_Counter/DE1_SOC_golden_top.v Line: 108
Warning (10034): Output port "DRAM_UDQM" at DE1_SOC_golden_top.v(109) has no driver File: G:/Documents/3rd year/hardware/vhdl_projects/Switch_Incremented_Counter/DE1_SOC_golden_top.v Line: 109
Warning (10034): Output port "DRAM_WE_N" at DE1_SOC_golden_top.v(110) has no driver File: G:/Documents/3rd year/hardware/vhdl_projects/Switch_Incremented_Counter/DE1_SOC_golden_top.v Line: 110
Warning (10034): Output port "FAN_CTRL" at DE1_SOC_golden_top.v(115) has no driver File: G:/Documents/3rd year/hardware/vhdl_projects/Switch_Incremented_Counter/DE1_SOC_golden_top.v Line: 115
Warning (10034): Output port "FPGA_I2C_SCLK" at DE1_SOC_golden_top.v(120) has no driver File: G:/Documents/3rd year/hardware/vhdl_projects/Switch_Incremented_Counter/DE1_SOC_golden_top.v Line: 120
Warning (10034): Output port "IRDA_TXD" at DE1_SOC_golden_top.v(200) has no driver File: G:/Documents/3rd year/hardware/vhdl_projects/Switch_Incremented_Counter/DE1_SOC_golden_top.v Line: 200
Warning (10034): Output port "TD_RESET_N" at DE1_SOC_golden_top.v(231) has no driver File: G:/Documents/3rd year/hardware/vhdl_projects/Switch_Incremented_Counter/DE1_SOC_golden_top.v Line: 231
Warning (10034): Output port "VGA_BLANK_N" at DE1_SOC_golden_top.v(238) has no driver File: G:/Documents/3rd year/hardware/vhdl_projects/Switch_Incremented_Counter/DE1_SOC_golden_top.v Line: 238
Warning (10034): Output port "VGA_CLK" at DE1_SOC_golden_top.v(239) has no driver File: G:/Documents/3rd year/hardware/vhdl_projects/Switch_Incremented_Counter/DE1_SOC_golden_top.v Line: 239
Warning (10034): Output port "VGA_HS" at DE1_SOC_golden_top.v(241) has no driver File: G:/Documents/3rd year/hardware/vhdl_projects/Switch_Incremented_Counter/DE1_SOC_golden_top.v Line: 241
Warning (10034): Output port "VGA_SYNC_N" at DE1_SOC_golden_top.v(243) has no driver File: G:/Documents/3rd year/hardware/vhdl_projects/Switch_Incremented_Counter/DE1_SOC_golden_top.v Line: 243
Warning (10034): Output port "VGA_VS" at DE1_SOC_golden_top.v(246) has no driver File: G:/Documents/3rd year/hardware/vhdl_projects/Switch_Incremented_Counter/DE1_SOC_golden_top.v Line: 246
Info (12128): Elaborating entity "ThreeDigitTallyCounter" for hierarchy "ThreeDigitTallyCounter:u1" File: G:/Documents/3rd year/hardware/vhdl_projects/Switch_Incremented_Counter/DE1_SOC_golden_top.v Line: 277
Info (12128): Elaborating entity "doubleDabble" for hierarchy "ThreeDigitTallyCounter:u1|doubleDabble:threeDigit" File: G:/Documents/3rd year/hardware/vhdl_projects/Switch_Incremented_Counter/ThreeDigitTallyCounter.vhd Line: 47
Info (12128): Elaborating entity "ssegDecoder" for hierarchy "ThreeDigitTallyCounter:u1|ssegDecoder:ssegOnes" File: G:/Documents/3rd year/hardware/vhdl_projects/Switch_Incremented_Counter/ThreeDigitTallyCounter.vhd Line: 54
Warning (12241): 1 hierarchies have connectivity warnings - see the Connectivity Checks report folder
Warning (13039): The following bidirectional pins have no drivers
    Warning (13040): bidirectional pin "AUD_ADCLRCK" has no driver File: G:/Documents/3rd year/hardware/vhdl_projects/Switch_Incremented_Counter/DE1_SOC_golden_top.v Line: 70
    Warning (13040): bidirectional pin "AUD_BCLK" has no driver File: G:/Documents/3rd year/hardware/vhdl_projects/Switch_Incremented_Counter/DE1_SOC_golden_top.v Line: 71
    Warning (13040): bidirectional pin "AUD_DACLRCK" has no driver File: G:/Documents/3rd year/hardware/vhdl_projects/Switch_Incremented_Counter/DE1_SOC_golden_top.v Line: 73
    Warning (13040): bidirectional pin "DRAM_DQ[0]" has no driver File: G:/Documents/3rd year/hardware/vhdl_projects/Switch_Incremented_Counter/DE1_SOC_golden_top.v Line: 106
    Warning (13040): bidirectional pin "DRAM_DQ[1]" has no driver File: G:/Documents/3rd year/hardware/vhdl_projects/Switch_Incremented_Counter/DE1_SOC_golden_top.v Line: 106
    Warning (13040): bidirectional pin "DRAM_DQ[2]" has no driver File: G:/Documents/3rd year/hardware/vhdl_projects/Switch_Incremented_Counter/DE1_SOC_golden_top.v Line: 106
    Warning (13040): bidirectional pin "DRAM_DQ[3]" has no driver File: G:/Documents/3rd year/hardware/vhdl_projects/Switch_Incremented_Counter/DE1_SOC_golden_top.v Line: 106
    Warning (13040): bidirectional pin "DRAM_DQ[4]" has no driver File: G:/Documents/3rd year/hardware/vhdl_projects/Switch_Incremented_Counter/DE1_SOC_golden_top.v Line: 106
    Warning (13040): bidirectional pin "DRAM_DQ[5]" has no driver File: G:/Documents/3rd year/hardware/vhdl_projects/Switch_Incremented_Counter/DE1_SOC_golden_top.v Line: 106
    Warning (13040): bidirectional pin "DRAM_DQ[6]" has no driver File: G:/Documents/3rd year/hardware/vhdl_projects/Switch_Incremented_Counter/DE1_SOC_golden_top.v Line: 106
    Warning (13040): bidirectional pin "DRAM_DQ[7]" has no driver File: G:/Documents/3rd year/hardware/vhdl_projects/Switch_Incremented_Counter/DE1_SOC_golden_top.v Line: 106
    Warning (13040): bidirectional pin "DRAM_DQ[8]" has no driver File: G:/Documents/3rd year/hardware/vhdl_projects/Switch_Incremented_Counter/DE1_SOC_golden_top.v Line: 106
    Warning (13040): bidirectional pin "DRAM_DQ[9]" has no driver File: G:/Documents/3rd year/hardware/vhdl_projects/Switch_Incremented_Counter/DE1_SOC_golden_top.v Line: 106
    Warning (13040): bidirectional pin "DRAM_DQ[10]" has no driver File: G:/Documents/3rd year/hardware/vhdl_projects/Switch_Incremented_Counter/DE1_SOC_golden_top.v Line: 106
    Warning (13040): bidirectional pin "DRAM_DQ[11]" has no driver File: G:/Documents/3rd year/hardware/vhdl_projects/Switch_Incremented_Counter/DE1_SOC_golden_top.v Line: 106
    Warning (13040): bidirectional pin "DRAM_DQ[12]" has no driver File: G:/Documents/3rd year/hardware/vhdl_projects/Switch_Incremented_Counter/DE1_SOC_golden_top.v Line: 106
    Warning (13040): bidirectional pin "DRAM_DQ[13]" has no driver File: G:/Documents/3rd year/hardware/vhdl_projects/Switch_Incremented_Counter/DE1_SOC_golden_top.v Line: 106
    Warning (13040): bidirectional pin "DRAM_DQ[14]" has no driver File: G:/Documents/3rd year/hardware/vhdl_projects/Switch_Incremented_Counter/DE1_SOC_golden_top.v Line: 106
    Warning (13040): bidirectional pin "DRAM_DQ[15]" has no driver File: G:/Documents/3rd year/hardware/vhdl_projects/Switch_Incremented_Counter/DE1_SOC_golden_top.v Line: 106
    Warning (13040): bidirectional pin "FPGA_I2C_SDAT" has no driver File: G:/Documents/3rd year/hardware/vhdl_projects/Switch_Incremented_Counter/DE1_SOC_golden_top.v Line: 121
    Warning (13040): bidirectional pin "GPIO_0[0]" has no driver File: G:/Documents/3rd year/hardware/vhdl_projects/Switch_Incremented_Counter/DE1_SOC_golden_top.v Line: 126
    Warning (13040): bidirectional pin "GPIO_0[1]" has no driver File: G:/Documents/3rd year/hardware/vhdl_projects/Switch_Incremented_Counter/DE1_SOC_golden_top.v Line: 126
    Warning (13040): bidirectional pin "GPIO_0[2]" has no driver File: G:/Documents/3rd year/hardware/vhdl_projects/Switch_Incremented_Counter/DE1_SOC_golden_top.v Line: 126
    Warning (13040): bidirectional pin "GPIO_0[3]" has no driver File: G:/Documents/3rd year/hardware/vhdl_projects/Switch_Incremented_Counter/DE1_SOC_golden_top.v Line: 126
    Warning (13040): bidirectional pin "GPIO_0[4]" has no driver File: G:/Documents/3rd year/hardware/vhdl_projects/Switch_Incremented_Counter/DE1_SOC_golden_top.v Line: 126
    Warning (13040): bidirectional pin "GPIO_0[5]" has no driver File: G:/Documents/3rd year/hardware/vhdl_projects/Switch_Incremented_Counter/DE1_SOC_golden_top.v Line: 126
    Warning (13040): bidirectional pin "GPIO_0[6]" has no driver File: G:/Documents/3rd year/hardware/vhdl_projects/Switch_Incremented_Counter/DE1_SOC_golden_top.v Line: 126
    Warning (13040): bidirectional pin "GPIO_0[7]" has no driver File: G:/Documents/3rd year/hardware/vhdl_projects/Switch_Incremented_Counter/DE1_SOC_golden_top.v Line: 126
    Warning (13040): bidirectional pin "GPIO_0[8]" has no driver File: G:/Documents/3rd year/hardware/vhdl_projects/Switch_Incremented_Counter/DE1_SOC_golden_top.v Line: 126
    Warning (13040): bidirectional pin "GPIO_0[9]" has no driver File: G:/Documents/3rd year/hardware/vhdl_projects/Switch_Incremented_Counter/DE1_SOC_golden_top.v Line: 126
    Warning (13040): bidirectional pin "GPIO_0[10]" has no driver File: G:/Documents/3rd year/hardware/vhdl_projects/Switch_Incremented_Counter/DE1_SOC_golden_top.v Line: 126
    Warning (13040): bidirectional pin "GPIO_0[11]" has no driver File: G:/Documents/3rd year/hardware/vhdl_projects/Switch_Incremented_Counter/DE1_SOC_golden_top.v Line: 126
    Warning (13040): bidirectional pin "GPIO_0[12]" has no driver File: G:/Documents/3rd year/hardware/vhdl_projects/Switch_Incremented_Counter/DE1_SOC_golden_top.v Line: 126
    Warning (13040): bidirectional pin "GPIO_0[13]" has no driver File: G:/Documents/3rd year/hardware/vhdl_projects/Switch_Incremented_Counter/DE1_SOC_golden_top.v Line: 126
    Warning (13040): bidirectional pin "GPIO_0[14]" has no driver File: G:/Documents/3rd year/hardware/vhdl_projects/Switch_Incremented_Counter/DE1_SOC_golden_top.v Line: 126
    Warning (13040): bidirectional pin "GPIO_0[15]" has no driver File: G:/Documents/3rd year/hardware/vhdl_projects/Switch_Incremented_Counter/DE1_SOC_golden_top.v Line: 126
    Warning (13040): bidirectional pin "GPIO_0[16]" has no driver File: G:/Documents/3rd year/hardware/vhdl_projects/Switch_Incremented_Counter/DE1_SOC_golden_top.v Line: 126
    Warning (13040): bidirectional pin "GPIO_0[17]" has no driver File: G:/Documents/3rd year/hardware/vhdl_projects/Switch_Incremented_Counter/DE1_SOC_golden_top.v Line: 126
    Warning (13040): bidirectional pin "GPIO_0[18]" has no driver File: G:/Documents/3rd year/hardware/vhdl_projects/Switch_Incremented_Counter/DE1_SOC_golden_top.v Line: 126
    Warning (13040): bidirectional pin "GPIO_0[19]" has no driver File: G:/Documents/3rd year/hardware/vhdl_projects/Switch_Incremented_Counter/DE1_SOC_golden_top.v Line: 126
    Warning (13040): bidirectional pin "GPIO_0[20]" has no driver File: G:/Documents/3rd year/hardware/vhdl_projects/Switch_Incremented_Counter/DE1_SOC_golden_top.v Line: 126
    Warning (13040): bidirectional pin "GPIO_0[21]" has no driver File: G:/Documents/3rd year/hardware/vhdl_projects/Switch_Incremented_Counter/DE1_SOC_golden_top.v Line: 126
    Warning (13040): bidirectional pin "GPIO_0[22]" has no driver File: G:/Documents/3rd year/hardware/vhdl_projects/Switch_Incremented_Counter/DE1_SOC_golden_top.v Line: 126
    Warning (13040): bidirectional pin "GPIO_0[23]" has no driver File: G:/Documents/3rd year/hardware/vhdl_projects/Switch_Incremented_Counter/DE1_SOC_golden_top.v Line: 126
    Warning (13040): bidirectional pin "GPIO_0[24]" has no driver File: G:/Documents/3rd year/hardware/vhdl_projects/Switch_Incremented_Counter/DE1_SOC_golden_top.v Line: 126
    Warning (13040): bidirectional pin "GPIO_0[25]" has no driver File: G:/Documents/3rd year/hardware/vhdl_projects/Switch_Incremented_Counter/DE1_SOC_golden_top.v Line: 126
    Warning (13040): bidirectional pin "GPIO_0[26]" has no driver File: G:/Documents/3rd year/hardware/vhdl_projects/Switch_Incremented_Counter/DE1_SOC_golden_top.v Line: 126
    Warning (13040): bidirectional pin "GPIO_0[27]" has no driver File: G:/Documents/3rd year/hardware/vhdl_projects/Switch_Incremented_Counter/DE1_SOC_golden_top.v Line: 126
    Warning (13040): bidirectional pin "GPIO_0[28]" has no driver File: G:/Documents/3rd year/hardware/vhdl_projects/Switch_Incremented_Counter/DE1_SOC_golden_top.v Line: 126
    Warning (13040): bidirectional pin "GPIO_0[29]" has no driver File: G:/Documents/3rd year/hardware/vhdl_projects/Switch_Incremented_Counter/DE1_SOC_golden_top.v Line: 126
    Warning (13040): bidirectional pin "GPIO_0[30]" has no driver File: G:/Documents/3rd year/hardware/vhdl_projects/Switch_Incremented_Counter/DE1_SOC_golden_top.v Line: 126
    Warning (13040): bidirectional pin "GPIO_0[31]" has no driver File: G:/Documents/3rd year/hardware/vhdl_projects/Switch_Incremented_Counter/DE1_SOC_golden_top.v Line: 126
    Warning (13040): bidirectional pin "GPIO_0[32]" has no driver File: G:/Documents/3rd year/hardware/vhdl_projects/Switch_Incremented_Counter/DE1_SOC_golden_top.v Line: 126
    Warning (13040): bidirectional pin "GPIO_0[33]" has no driver File: G:/Documents/3rd year/hardware/vhdl_projects/Switch_Incremented_Counter/DE1_SOC_golden_top.v Line: 126
    Warning (13040): bidirectional pin "GPIO_0[34]" has no driver File: G:/Documents/3rd year/hardware/vhdl_projects/Switch_Incremented_Counter/DE1_SOC_golden_top.v Line: 126
    Warning (13040): bidirectional pin "GPIO_0[35]" has no driver File: G:/Documents/3rd year/hardware/vhdl_projects/Switch_Incremented_Counter/DE1_SOC_golden_top.v Line: 126
    Warning (13040): bidirectional pin "GPIO_1[0]" has no driver File: G:/Documents/3rd year/hardware/vhdl_projects/Switch_Incremented_Counter/DE1_SOC_golden_top.v Line: 127
    Warning (13040): bidirectional pin "GPIO_1[1]" has no driver File: G:/Documents/3rd year/hardware/vhdl_projects/Switch_Incremented_Counter/DE1_SOC_golden_top.v Line: 127
    Warning (13040): bidirectional pin "GPIO_1[2]" has no driver File: G:/Documents/3rd year/hardware/vhdl_projects/Switch_Incremented_Counter/DE1_SOC_golden_top.v Line: 127
    Warning (13040): bidirectional pin "GPIO_1[3]" has no driver File: G:/Documents/3rd year/hardware/vhdl_projects/Switch_Incremented_Counter/DE1_SOC_golden_top.v Line: 127
    Warning (13040): bidirectional pin "GPIO_1[4]" has no driver File: G:/Documents/3rd year/hardware/vhdl_projects/Switch_Incremented_Counter/DE1_SOC_golden_top.v Line: 127
    Warning (13040): bidirectional pin "GPIO_1[5]" has no driver File: G:/Documents/3rd year/hardware/vhdl_projects/Switch_Incremented_Counter/DE1_SOC_golden_top.v Line: 127
    Warning (13040): bidirectional pin "GPIO_1[6]" has no driver File: G:/Documents/3rd year/hardware/vhdl_projects/Switch_Incremented_Counter/DE1_SOC_golden_top.v Line: 127
    Warning (13040): bidirectional pin "GPIO_1[7]" has no driver File: G:/Documents/3rd year/hardware/vhdl_projects/Switch_Incremented_Counter/DE1_SOC_golden_top.v Line: 127
    Warning (13040): bidirectional pin "GPIO_1[8]" has no driver File: G:/Documents/3rd year/hardware/vhdl_projects/Switch_Incremented_Counter/DE1_SOC_golden_top.v Line: 127
    Warning (13040): bidirectional pin "GPIO_1[9]" has no driver File: G:/Documents/3rd year/hardware/vhdl_projects/Switch_Incremented_Counter/DE1_SOC_golden_top.v Line: 127
    Warning (13040): bidirectional pin "GPIO_1[10]" has no driver File: G:/Documents/3rd year/hardware/vhdl_projects/Switch_Incremented_Counter/DE1_SOC_golden_top.v Line: 127
    Warning (13040): bidirectional pin "GPIO_1[11]" has no driver File: G:/Documents/3rd year/hardware/vhdl_projects/Switch_Incremented_Counter/DE1_SOC_golden_top.v Line: 127
    Warning (13040): bidirectional pin "GPIO_1[12]" has no driver File: G:/Documents/3rd year/hardware/vhdl_projects/Switch_Incremented_Counter/DE1_SOC_golden_top.v Line: 127
    Warning (13040): bidirectional pin "GPIO_1[13]" has no driver File: G:/Documents/3rd year/hardware/vhdl_projects/Switch_Incremented_Counter/DE1_SOC_golden_top.v Line: 127
    Warning (13040): bidirectional pin "GPIO_1[14]" has no driver File: G:/Documents/3rd year/hardware/vhdl_projects/Switch_Incremented_Counter/DE1_SOC_golden_top.v Line: 127
    Warning (13040): bidirectional pin "GPIO_1[15]" has no driver File: G:/Documents/3rd year/hardware/vhdl_projects/Switch_Incremented_Counter/DE1_SOC_golden_top.v Line: 127
    Warning (13040): bidirectional pin "GPIO_1[16]" has no driver File: G:/Documents/3rd year/hardware/vhdl_projects/Switch_Incremented_Counter/DE1_SOC_golden_top.v Line: 127
    Warning (13040): bidirectional pin "GPIO_1[17]" has no driver File: G:/Documents/3rd year/hardware/vhdl_projects/Switch_Incremented_Counter/DE1_SOC_golden_top.v Line: 127
    Warning (13040): bidirectional pin "GPIO_1[18]" has no driver File: G:/Documents/3rd year/hardware/vhdl_projects/Switch_Incremented_Counter/DE1_SOC_golden_top.v Line: 127
    Warning (13040): bidirectional pin "GPIO_1[19]" has no driver File: G:/Documents/3rd year/hardware/vhdl_projects/Switch_Incremented_Counter/DE1_SOC_golden_top.v Line: 127
    Warning (13040): bidirectional pin "GPIO_1[20]" has no driver File: G:/Documents/3rd year/hardware/vhdl_projects/Switch_Incremented_Counter/DE1_SOC_golden_top.v Line: 127
    Warning (13040): bidirectional pin "GPIO_1[21]" has no driver File: G:/Documents/3rd year/hardware/vhdl_projects/Switch_Incremented_Counter/DE1_SOC_golden_top.v Line: 127
    Warning (13040): bidirectional pin "GPIO_1[22]" has no driver File: G:/Documents/3rd year/hardware/vhdl_projects/Switch_Incremented_Counter/DE1_SOC_golden_top.v Line: 127
    Warning (13040): bidirectional pin "GPIO_1[23]" has no driver File: G:/Documents/3rd year/hardware/vhdl_projects/Switch_Incremented_Counter/DE1_SOC_golden_top.v Line: 127
    Warning (13040): bidirectional pin "GPIO_1[24]" has no driver File: G:/Documents/3rd year/hardware/vhdl_projects/Switch_Incremented_Counter/DE1_SOC_golden_top.v Line: 127
    Warning (13040): bidirectional pin "GPIO_1[25]" has no driver File: G:/Documents/3rd year/hardware/vhdl_projects/Switch_Incremented_Counter/DE1_SOC_golden_top.v Line: 127
    Warning (13040): bidirectional pin "GPIO_1[26]" has no driver File: G:/Documents/3rd year/hardware/vhdl_projects/Switch_Incremented_Counter/DE1_SOC_golden_top.v Line: 127
    Warning (13040): bidirectional pin "GPIO_1[27]" has no driver File: G:/Documents/3rd year/hardware/vhdl_projects/Switch_Incremented_Counter/DE1_SOC_golden_top.v Line: 127
    Warning (13040): bidirectional pin "GPIO_1[28]" has no driver File: G:/Documents/3rd year/hardware/vhdl_projects/Switch_Incremented_Counter/DE1_SOC_golden_top.v Line: 127
    Warning (13040): bidirectional pin "GPIO_1[29]" has no driver File: G:/Documents/3rd year/hardware/vhdl_projects/Switch_Incremented_Counter/DE1_SOC_golden_top.v Line: 127
    Warning (13040): bidirectional pin "GPIO_1[30]" has no driver File: G:/Documents/3rd year/hardware/vhdl_projects/Switch_Incremented_Counter/DE1_SOC_golden_top.v Line: 127
    Warning (13040): bidirectional pin "GPIO_1[31]" has no driver File: G:/Documents/3rd year/hardware/vhdl_projects/Switch_Incremented_Counter/DE1_SOC_golden_top.v Line: 127
    Warning (13040): bidirectional pin "GPIO_1[32]" has no driver File: G:/Documents/3rd year/hardware/vhdl_projects/Switch_Incremented_Counter/DE1_SOC_golden_top.v Line: 127
    Warning (13040): bidirectional pin "GPIO_1[33]" has no driver File: G:/Documents/3rd year/hardware/vhdl_projects/Switch_Incremented_Counter/DE1_SOC_golden_top.v Line: 127
    Warning (13040): bidirectional pin "GPIO_1[34]" has no driver File: G:/Documents/3rd year/hardware/vhdl_projects/Switch_Incremented_Counter/DE1_SOC_golden_top.v Line: 127
    Warning (13040): bidirectional pin "GPIO_1[35]" has no driver File: G:/Documents/3rd year/hardware/vhdl_projects/Switch_Incremented_Counter/DE1_SOC_golden_top.v Line: 127
    Warning (13040): bidirectional pin "PS2_CLK" has no driver File: G:/Documents/3rd year/hardware/vhdl_projects/Switch_Incremented_Counter/DE1_SOC_golden_top.v Line: 215
    Warning (13040): bidirectional pin "PS2_CLK2" has no driver File: G:/Documents/3rd year/hardware/vhdl_projects/Switch_Incremented_Counter/DE1_SOC_golden_top.v Line: 216
    Warning (13040): bidirectional pin "PS2_DAT" has no driver File: G:/Documents/3rd year/hardware/vhdl_projects/Switch_Incremented_Counter/DE1_SOC_golden_top.v Line: 217
    Warning (13040): bidirectional pin "PS2_DAT2" has no driver File: G:/Documents/3rd year/hardware/vhdl_projects/Switch_Incremented_Counter/DE1_SOC_golden_top.v Line: 218
Warning (13024): Output pins are stuck at VCC or GND
    Warning (13410): Pin "ADC_CONVST" is stuck at GND File: G:/Documents/3rd year/hardware/vhdl_projects/Switch_Incremented_Counter/DE1_SOC_golden_top.v Line: 59
    Warning (13410): Pin "ADC_DIN" is stuck at GND File: G:/Documents/3rd year/hardware/vhdl_projects/Switch_Incremented_Counter/DE1_SOC_golden_top.v Line: 60
    Warning (13410): Pin "ADC_SCLK" is stuck at GND File: G:/Documents/3rd year/hardware/vhdl_projects/Switch_Incremented_Counter/DE1_SOC_golden_top.v Line: 62
    Warning (13410): Pin "AUD_DACDAT" is stuck at GND File: G:/Documents/3rd year/hardware/vhdl_projects/Switch_Incremented_Counter/DE1_SOC_golden_top.v Line: 72
    Warning (13410): Pin "AUD_XCK" is stuck at GND File: G:/Documents/3rd year/hardware/vhdl_projects/Switch_Incremented_Counter/DE1_SOC_golden_top.v Line: 74
    Warning (13410): Pin "DRAM_ADDR[0]" is stuck at GND File: G:/Documents/3rd year/hardware/vhdl_projects/Switch_Incremented_Counter/DE1_SOC_golden_top.v Line: 100
    Warning (13410): Pin "DRAM_ADDR[1]" is stuck at GND File: G:/Documents/3rd year/hardware/vhdl_projects/Switch_Incremented_Counter/DE1_SOC_golden_top.v Line: 100
    Warning (13410): Pin "DRAM_ADDR[2]" is stuck at GND File: G:/Documents/3rd year/hardware/vhdl_projects/Switch_Incremented_Counter/DE1_SOC_golden_top.v Line: 100
    Warning (13410): Pin "DRAM_ADDR[3]" is stuck at GND File: G:/Documents/3rd year/hardware/vhdl_projects/Switch_Incremented_Counter/DE1_SOC_golden_top.v Line: 100
    Warning (13410): Pin "DRAM_ADDR[4]" is stuck at GND File: G:/Documents/3rd year/hardware/vhdl_projects/Switch_Incremented_Counter/DE1_SOC_golden_top.v Line: 100
    Warning (13410): Pin "DRAM_ADDR[5]" is stuck at GND File: G:/Documents/3rd year/hardware/vhdl_projects/Switch_Incremented_Counter/DE1_SOC_golden_top.v Line: 100
    Warning (13410): Pin "DRAM_ADDR[6]" is stuck at GND File: G:/Documents/3rd year/hardware/vhdl_projects/Switch_Incremented_Counter/DE1_SOC_golden_top.v Line: 100
    Warning (13410): Pin "DRAM_ADDR[7]" is stuck at GND File: G:/Documents/3rd year/hardware/vhdl_projects/Switch_Incremented_Counter/DE1_SOC_golden_top.v Line: 100
    Warning (13410): Pin "DRAM_ADDR[8]" is stuck at GND File: G:/Documents/3rd year/hardware/vhdl_projects/Switch_Incremented_Counter/DE1_SOC_golden_top.v Line: 100
    Warning (13410): Pin "DRAM_ADDR[9]" is stuck at GND File: G:/Documents/3rd year/hardware/vhdl_projects/Switch_Incremented_Counter/DE1_SOC_golden_top.v Line: 100
    Warning (13410): Pin "DRAM_ADDR[10]" is stuck at GND File: G:/Documents/3rd year/hardware/vhdl_projects/Switch_Incremented_Counter/DE1_SOC_golden_top.v Line: 100
    Warning (13410): Pin "DRAM_ADDR[11]" is stuck at GND File: G:/Documents/3rd year/hardware/vhdl_projects/Switch_Incremented_Counter/DE1_SOC_golden_top.v Line: 100
    Warning (13410): Pin "DRAM_ADDR[12]" is stuck at GND File: G:/Documents/3rd year/hardware/vhdl_projects/Switch_Incremented_Counter/DE1_SOC_golden_top.v Line: 100
    Warning (13410): Pin "DRAM_BA[0]" is stuck at GND File: G:/Documents/3rd year/hardware/vhdl_projects/Switch_Incremented_Counter/DE1_SOC_golden_top.v Line: 101
    Warning (13410): Pin "DRAM_BA[1]" is stuck at GND File: G:/Documents/3rd year/hardware/vhdl_projects/Switch_Incremented_Counter/DE1_SOC_golden_top.v Line: 101
    Warning (13410): Pin "DRAM_CAS_N" is stuck at GND File: G:/Documents/3rd year/hardware/vhdl_projects/Switch_Incremented_Counter/DE1_SOC_golden_top.v Line: 102
    Warning (13410): Pin "DRAM_CKE" is stuck at GND File: G:/Documents/3rd year/hardware/vhdl_projects/Switch_Incremented_Counter/DE1_SOC_golden_top.v Line: 103
    Warning (13410): Pin "DRAM_CLK" is stuck at GND File: G:/Documents/3rd year/hardware/vhdl_projects/Switch_Incremented_Counter/DE1_SOC_golden_top.v Line: 104
    Warning (13410): Pin "DRAM_CS_N" is stuck at GND File: G:/Documents/3rd year/hardware/vhdl_projects/Switch_Incremented_Counter/DE1_SOC_golden_top.v Line: 105
    Warning (13410): Pin "DRAM_LDQM" is stuck at GND File: G:/Documents/3rd year/hardware/vhdl_projects/Switch_Incremented_Counter/DE1_SOC_golden_top.v Line: 107
    Warning (13410): Pin "DRAM_RAS_N" is stuck at GND File: G:/Documents/3rd year/hardware/vhdl_projects/Switch_Incremented_Counter/DE1_SOC_golden_top.v Line: 108
    Warning (13410): Pin "DRAM_UDQM" is stuck at GND File: G:/Documents/3rd year/hardware/vhdl_projects/Switch_Incremented_Counter/DE1_SOC_golden_top.v Line: 109
    Warning (13410): Pin "DRAM_WE_N" is stuck at GND File: G:/Documents/3rd year/hardware/vhdl_projects/Switch_Incremented_Counter/DE1_SOC_golden_top.v Line: 110
    Warning (13410): Pin "FAN_CTRL" is stuck at GND File: G:/Documents/3rd year/hardware/vhdl_projects/Switch_Incremented_Counter/DE1_SOC_golden_top.v Line: 115
    Warning (13410): Pin "FPGA_I2C_SCLK" is stuck at GND File: G:/Documents/3rd year/hardware/vhdl_projects/Switch_Incremented_Counter/DE1_SOC_golden_top.v Line: 120
    Warning (13410): Pin "HEX3[0]" is stuck at GND File: G:/Documents/3rd year/hardware/vhdl_projects/Switch_Incremented_Counter/DE1_SOC_golden_top.v Line: 136
    Warning (13410): Pin "HEX3[1]" is stuck at GND File: G:/Documents/3rd year/hardware/vhdl_projects/Switch_Incremented_Counter/DE1_SOC_golden_top.v Line: 136
    Warning (13410): Pin "HEX3[2]" is stuck at GND File: G:/Documents/3rd year/hardware/vhdl_projects/Switch_Incremented_Counter/DE1_SOC_golden_top.v Line: 136
    Warning (13410): Pin "HEX3[3]" is stuck at GND File: G:/Documents/3rd year/hardware/vhdl_projects/Switch_Incremented_Counter/DE1_SOC_golden_top.v Line: 136
    Warning (13410): Pin "HEX3[4]" is stuck at GND File: G:/Documents/3rd year/hardware/vhdl_projects/Switch_Incremented_Counter/DE1_SOC_golden_top.v Line: 136
    Warning (13410): Pin "HEX3[5]" is stuck at GND File: G:/Documents/3rd year/hardware/vhdl_projects/Switch_Incremented_Counter/DE1_SOC_golden_top.v Line: 136
    Warning (13410): Pin "HEX3[6]" is stuck at GND File: G:/Documents/3rd year/hardware/vhdl_projects/Switch_Incremented_Counter/DE1_SOC_golden_top.v Line: 136
    Warning (13410): Pin "HEX4[0]" is stuck at GND File: G:/Documents/3rd year/hardware/vhdl_projects/Switch_Incremented_Counter/DE1_SOC_golden_top.v Line: 137
    Warning (13410): Pin "HEX4[1]" is stuck at GND File: G:/Documents/3rd year/hardware/vhdl_projects/Switch_Incremented_Counter/DE1_SOC_golden_top.v Line: 137
    Warning (13410): Pin "HEX4[2]" is stuck at GND File: G:/Documents/3rd year/hardware/vhdl_projects/Switch_Incremented_Counter/DE1_SOC_golden_top.v Line: 137
    Warning (13410): Pin "HEX4[3]" is stuck at GND File: G:/Documents/3rd year/hardware/vhdl_projects/Switch_Incremented_Counter/DE1_SOC_golden_top.v Line: 137
    Warning (13410): Pin "HEX4[4]" is stuck at GND File: G:/Documents/3rd year/hardware/vhdl_projects/Switch_Incremented_Counter/DE1_SOC_golden_top.v Line: 137
    Warning (13410): Pin "HEX4[5]" is stuck at GND File: G:/Documents/3rd year/hardware/vhdl_projects/Switch_Incremented_Counter/DE1_SOC_golden_top.v Line: 137
    Warning (13410): Pin "HEX4[6]" is stuck at GND File: G:/Documents/3rd year/hardware/vhdl_projects/Switch_Incremented_Counter/DE1_SOC_golden_top.v Line: 137
    Warning (13410): Pin "HEX5[0]" is stuck at GND File: G:/Documents/3rd year/hardware/vhdl_projects/Switch_Incremented_Counter/DE1_SOC_golden_top.v Line: 138
    Warning (13410): Pin "HEX5[1]" is stuck at GND File: G:/Documents/3rd year/hardware/vhdl_projects/Switch_Incremented_Counter/DE1_SOC_golden_top.v Line: 138
    Warning (13410): Pin "HEX5[2]" is stuck at GND File: G:/Documents/3rd year/hardware/vhdl_projects/Switch_Incremented_Counter/DE1_SOC_golden_top.v Line: 138
    Warning (13410): Pin "HEX5[3]" is stuck at GND File: G:/Documents/3rd year/hardware/vhdl_projects/Switch_Incremented_Counter/DE1_SOC_golden_top.v Line: 138
    Warning (13410): Pin "HEX5[4]" is stuck at GND File: G:/Documents/3rd year/hardware/vhdl_projects/Switch_Incremented_Counter/DE1_SOC_golden_top.v Line: 138
    Warning (13410): Pin "HEX5[5]" is stuck at GND File: G:/Documents/3rd year/hardware/vhdl_projects/Switch_Incremented_Counter/DE1_SOC_golden_top.v Line: 138
    Warning (13410): Pin "HEX5[6]" is stuck at GND File: G:/Documents/3rd year/hardware/vhdl_projects/Switch_Incremented_Counter/DE1_SOC_golden_top.v Line: 138
    Warning (13410): Pin "IRDA_TXD" is stuck at GND File: G:/Documents/3rd year/hardware/vhdl_projects/Switch_Incremented_Counter/DE1_SOC_golden_top.v Line: 200
    Warning (13410): Pin "LEDR[3]" is stuck at GND File: G:/Documents/3rd year/hardware/vhdl_projects/Switch_Incremented_Counter/DE1_SOC_golden_top.v Line: 210
    Warning (13410): Pin "LEDR[4]" is stuck at GND File: G:/Documents/3rd year/hardware/vhdl_projects/Switch_Incremented_Counter/DE1_SOC_golden_top.v Line: 210
    Warning (13410): Pin "LEDR[5]" is stuck at GND File: G:/Documents/3rd year/hardware/vhdl_projects/Switch_Incremented_Counter/DE1_SOC_golden_top.v Line: 210
    Warning (13410): Pin "LEDR[6]" is stuck at GND File: G:/Documents/3rd year/hardware/vhdl_projects/Switch_Incremented_Counter/DE1_SOC_golden_top.v Line: 210
    Warning (13410): Pin "LEDR[7]" is stuck at GND File: G:/Documents/3rd year/hardware/vhdl_projects/Switch_Incremented_Counter/DE1_SOC_golden_top.v Line: 210
    Warning (13410): Pin "LEDR[8]" is stuck at GND File: G:/Documents/3rd year/hardware/vhdl_projects/Switch_Incremented_Counter/DE1_SOC_golden_top.v Line: 210
    Warning (13410): Pin "LEDR[9]" is stuck at GND File: G:/Documents/3rd year/hardware/vhdl_projects/Switch_Incremented_Counter/DE1_SOC_golden_top.v Line: 210
    Warning (13410): Pin "TD_RESET_N" is stuck at GND File: G:/Documents/3rd year/hardware/vhdl_projects/Switch_Incremented_Counter/DE1_SOC_golden_top.v Line: 231
    Warning (13410): Pin "VGA_B[0]" is stuck at GND File: G:/Documents/3rd year/hardware/vhdl_projects/Switch_Incremented_Counter/DE1_SOC_golden_top.v Line: 237
    Warning (13410): Pin "VGA_B[1]" is stuck at GND File: G:/Documents/3rd year/hardware/vhdl_projects/Switch_Incremented_Counter/DE1_SOC_golden_top.v Line: 237
    Warning (13410): Pin "VGA_B[2]" is stuck at GND File: G:/Documents/3rd year/hardware/vhdl_projects/Switch_Incremented_Counter/DE1_SOC_golden_top.v Line: 237
    Warning (13410): Pin "VGA_B[3]" is stuck at GND File: G:/Documents/3rd year/hardware/vhdl_projects/Switch_Incremented_Counter/DE1_SOC_golden_top.v Line: 237
    Warning (13410): Pin "VGA_B[4]" is stuck at GND File: G:/Documents/3rd year/hardware/vhdl_projects/Switch_Incremented_Counter/DE1_SOC_golden_top.v Line: 237
    Warning (13410): Pin "VGA_B[5]" is stuck at GND File: G:/Documents/3rd year/hardware/vhdl_projects/Switch_Incremented_Counter/DE1_SOC_golden_top.v Line: 237
    Warning (13410): Pin "VGA_B[6]" is stuck at GND File: G:/Documents/3rd year/hardware/vhdl_projects/Switch_Incremented_Counter/DE1_SOC_golden_top.v Line: 237
    Warning (13410): Pin "VGA_B[7]" is stuck at GND File: G:/Documents/3rd year/hardware/vhdl_projects/Switch_Incremented_Counter/DE1_SOC_golden_top.v Line: 237
    Warning (13410): Pin "VGA_BLANK_N" is stuck at GND File: G:/Documents/3rd year/hardware/vhdl_projects/Switch_Incremented_Counter/DE1_SOC_golden_top.v Line: 238
    Warning (13410): Pin "VGA_CLK" is stuck at GND File: G:/Documents/3rd year/hardware/vhdl_projects/Switch_Incremented_Counter/DE1_SOC_golden_top.v Line: 239
    Warning (13410): Pin "VGA_G[0]" is stuck at GND File: G:/Documents/3rd year/hardware/vhdl_projects/Switch_Incremented_Counter/DE1_SOC_golden_top.v Line: 240
    Warning (13410): Pin "VGA_G[1]" is stuck at GND File: G:/Documents/3rd year/hardware/vhdl_projects/Switch_Incremented_Counter/DE1_SOC_golden_top.v Line: 240
    Warning (13410): Pin "VGA_G[2]" is stuck at GND File: G:/Documents/3rd year/hardware/vhdl_projects/Switch_Incremented_Counter/DE1_SOC_golden_top.v Line: 240
    Warning (13410): Pin "VGA_G[3]" is stuck at GND File: G:/Documents/3rd year/hardware/vhdl_projects/Switch_Incremented_Counter/DE1_SOC_golden_top.v Line: 240
    Warning (13410): Pin "VGA_G[4]" is stuck at GND File: G:/Documents/3rd year/hardware/vhdl_projects/Switch_Incremented_Counter/DE1_SOC_golden_top.v Line: 240
    Warning (13410): Pin "VGA_G[5]" is stuck at GND File: G:/Documents/3rd year/hardware/vhdl_projects/Switch_Incremented_Counter/DE1_SOC_golden_top.v Line: 240
    Warning (13410): Pin "VGA_G[6]" is stuck at GND File: G:/Documents/3rd year/hardware/vhdl_projects/Switch_Incremented_Counter/DE1_SOC_golden_top.v Line: 240
    Warning (13410): Pin "VGA_G[7]" is stuck at GND File: G:/Documents/3rd year/hardware/vhdl_projects/Switch_Incremented_Counter/DE1_SOC_golden_top.v Line: 240
    Warning (13410): Pin "VGA_HS" is stuck at GND File: G:/Documents/3rd year/hardware/vhdl_projects/Switch_Incremented_Counter/DE1_SOC_golden_top.v Line: 241
    Warning (13410): Pin "VGA_R[0]" is stuck at GND File: G:/Documents/3rd year/hardware/vhdl_projects/Switch_Incremented_Counter/DE1_SOC_golden_top.v Line: 242
    Warning (13410): Pin "VGA_R[1]" is stuck at GND File: G:/Documents/3rd year/hardware/vhdl_projects/Switch_Incremented_Counter/DE1_SOC_golden_top.v Line: 242
    Warning (13410): Pin "VGA_R[2]" is stuck at GND File: G:/Documents/3rd year/hardware/vhdl_projects/Switch_Incremented_Counter/DE1_SOC_golden_top.v Line: 242
    Warning (13410): Pin "VGA_R[3]" is stuck at GND File: G:/Documents/3rd year/hardware/vhdl_projects/Switch_Incremented_Counter/DE1_SOC_golden_top.v Line: 242
    Warning (13410): Pin "VGA_R[4]" is stuck at GND File: G:/Documents/3rd year/hardware/vhdl_projects/Switch_Incremented_Counter/DE1_SOC_golden_top.v Line: 242
    Warning (13410): Pin "VGA_R[5]" is stuck at GND File: G:/Documents/3rd year/hardware/vhdl_projects/Switch_Incremented_Counter/DE1_SOC_golden_top.v Line: 242
    Warning (13410): Pin "VGA_R[6]" is stuck at GND File: G:/Documents/3rd year/hardware/vhdl_projects/Switch_Incremented_Counter/DE1_SOC_golden_top.v Line: 242
    Warning (13410): Pin "VGA_R[7]" is stuck at GND File: G:/Documents/3rd year/hardware/vhdl_projects/Switch_Incremented_Counter/DE1_SOC_golden_top.v Line: 242
    Warning (13410): Pin "VGA_SYNC_N" is stuck at GND File: G:/Documents/3rd year/hardware/vhdl_projects/Switch_Incremented_Counter/DE1_SOC_golden_top.v Line: 243
    Warning (13410): Pin "VGA_VS" is stuck at GND File: G:/Documents/3rd year/hardware/vhdl_projects/Switch_Incremented_Counter/DE1_SOC_golden_top.v Line: 246
Info (286030): Timing-Driven Synthesis is running
Info (17049): 28 registers lost all their fanouts during netlist optimizations.
Info (16010): Generating hard_block partition "hard_block:auto_generated_inst"
    Info (16011): Adding 0 node(s), including 0 DDIO, 0 PLL, 0 transceiver and 0 LCELL
Warning (21074): Design contains 26 input pin(s) that do not drive logic
    Warning (15610): No output dependent on input pin "ADC_DOUT" File: G:/Documents/3rd year/hardware/vhdl_projects/Switch_Incremented_Counter/DE1_SOC_golden_top.v Line: 61
    Warning (15610): No output dependent on input pin "AUD_ADCDAT" File: G:/Documents/3rd year/hardware/vhdl_projects/Switch_Incremented_Counter/DE1_SOC_golden_top.v Line: 69
    Warning (15610): No output dependent on input pin "CLOCK2_50" File: G:/Documents/3rd year/hardware/vhdl_projects/Switch_Incremented_Counter/DE1_SOC_golden_top.v Line: 80
    Warning (15610): No output dependent on input pin "CLOCK3_50" File: G:/Documents/3rd year/hardware/vhdl_projects/Switch_Incremented_Counter/DE1_SOC_golden_top.v Line: 85
    Warning (15610): No output dependent on input pin "CLOCK4_50" File: G:/Documents/3rd year/hardware/vhdl_projects/Switch_Incremented_Counter/DE1_SOC_golden_top.v Line: 90
    Warning (15610): No output dependent on input pin "IRDA_RXD" File: G:/Documents/3rd year/hardware/vhdl_projects/Switch_Incremented_Counter/DE1_SOC_golden_top.v Line: 199
    Warning (15610): No output dependent on input pin "KEY[2]" File: G:/Documents/3rd year/hardware/vhdl_projects/Switch_Incremented_Counter/DE1_SOC_golden_top.v Line: 205
    Warning (15610): No output dependent on input pin "KEY[3]" File: G:/Documents/3rd year/hardware/vhdl_projects/Switch_Incremented_Counter/DE1_SOC_golden_top.v Line: 205
    Warning (15610): No output dependent on input pin "SW[3]" File: G:/Documents/3rd year/hardware/vhdl_projects/Switch_Incremented_Counter/DE1_SOC_golden_top.v Line: 223
    Warning (15610): No output dependent on input pin "SW[4]" File: G:/Documents/3rd year/hardware/vhdl_projects/Switch_Incremented_Counter/DE1_SOC_golden_top.v Line: 223
    Warning (15610): No output dependent on input pin "SW[5]" File: G:/Documents/3rd year/hardware/vhdl_projects/Switch_Incremented_Counter/DE1_SOC_golden_top.v Line: 223
    Warning (15610): No output dependent on input pin "SW[6]" File: G:/Documents/3rd year/hardware/vhdl_projects/Switch_Incremented_Counter/DE1_SOC_golden_top.v Line: 223
    Warning (15610): No output dependent on input pin "SW[7]" File: G:/Documents/3rd year/hardware/vhdl_projects/Switch_Incremented_Counter/DE1_SOC_golden_top.v Line: 223
    Warning (15610): No output dependent on input pin "SW[8]" File: G:/Documents/3rd year/hardware/vhdl_projects/Switch_Incremented_Counter/DE1_SOC_golden_top.v Line: 223
    Warning (15610): No output dependent on input pin "SW[9]" File: G:/Documents/3rd year/hardware/vhdl_projects/Switch_Incremented_Counter/DE1_SOC_golden_top.v Line: 223
    Warning (15610): No output dependent on input pin "TD_CLK27" File: G:/Documents/3rd year/hardware/vhdl_projects/Switch_Incremented_Counter/DE1_SOC_golden_top.v Line: 228
    Warning (15610): No output dependent on input pin "TD_DATA[0]" File: G:/Documents/3rd year/hardware/vhdl_projects/Switch_Incremented_Counter/DE1_SOC_golden_top.v Line: 229
    Warning (15610): No output dependent on input pin "TD_DATA[1]" File: G:/Documents/3rd year/hardware/vhdl_projects/Switch_Incremented_Counter/DE1_SOC_golden_top.v Line: 229
    Warning (15610): No output dependent on input pin "TD_DATA[2]" File: G:/Documents/3rd year/hardware/vhdl_projects/Switch_Incremented_Counter/DE1_SOC_golden_top.v Line: 229
    Warning (15610): No output dependent on input pin "TD_DATA[3]" File: G:/Documents/3rd year/hardware/vhdl_projects/Switch_Incremented_Counter/DE1_SOC_golden_top.v Line: 229
    Warning (15610): No output dependent on input pin "TD_DATA[4]" File: G:/Documents/3rd year/hardware/vhdl_projects/Switch_Incremented_Counter/DE1_SOC_golden_top.v Line: 229
    Warning (15610): No output dependent on input pin "TD_DATA[5]" File: G:/Documents/3rd year/hardware/vhdl_projects/Switch_Incremented_Counter/DE1_SOC_golden_top.v Line: 229
    Warning (15610): No output dependent on input pin "TD_DATA[6]" File: G:/Documents/3rd year/hardware/vhdl_projects/Switch_Incremented_Counter/DE1_SOC_golden_top.v Line: 229
    Warning (15610): No output dependent on input pin "TD_DATA[7]" File: G:/Documents/3rd year/hardware/vhdl_projects/Switch_Incremented_Counter/DE1_SOC_golden_top.v Line: 229
    Warning (15610): No output dependent on input pin "TD_HS" File: G:/Documents/3rd year/hardware/vhdl_projects/Switch_Incremented_Counter/DE1_SOC_golden_top.v Line: 230
    Warning (15610): No output dependent on input pin "TD_VS" File: G:/Documents/3rd year/hardware/vhdl_projects/Switch_Incremented_Counter/DE1_SOC_golden_top.v Line: 232
Info (21057): Implemented 388 device resources after synthesis - the final resource count might be different
    Info (21058): Implemented 32 input pins
    Info (21059): Implemented 113 output pins
    Info (21060): Implemented 96 bidirectional pins
    Info (21061): Implemented 147 logic cells
Info: Quartus Prime Analysis & Synthesis was successful. 0 errors, 248 warnings
    Info: Peak virtual memory: 4881 megabytes
    Info: Processing ended: Mon Oct 27 11:44:59 2025
    Info: Elapsed time: 00:00:12
    Info: Total CPU time (on all processors): 00:00:11


